
---------- CACTI version 4.1 ----------

Cache Parameters:
  Number of banks: 4
  Total Cache Size: 2048
  Size in bytes of a bank: 512
  Number of sets per bank: 64
  Associativity: 2
  Block Size (bytes): 16
  Read/Write Ports: 1
  Read Ports: 0
  Write Ports: 0
  Technology Size: 0.32um
  Vdd: 2.4V

Access Time (ns): 2.72411
Cycle Time (ns):  1.17232
Total dynamic Read Power at max. freq. (W): 0.935388
Total leakage Read/Write Power all Banks (mW): 0
Total dynamic Read Energy all Banks (nJ): 1.09657
Total dynamic Write Energy all Banks (nJ): 0.656102
Total dynamic Read Energy Without Routing (nJ): 0.568948
Total dynamic Write Energy Without Routing (nJ): 0.128478
Total dynamic Routing Energy (nJ): 0.527624
Total leakage Read/Write Power Without Routing (mW): 0
Total leakage Read/Write Routing Power (mW): 0

Best Ndwl (L1): 1
Best Ndbl (L1): 4
Best Nspd (L1): 1.000000
Best Ntwl (L1): 1
Best Ntbl (L1): 8
Best Ntspd (L1): 1

Area Components:

Aspect Ratio Total height/width: 3.883361

Data array (mm^2): 0.721495
Data predecode (mm^2): 0.012147
Data colmux predecode (mm^2): 0.006092
Data colmux post decode (mm^2): 0.000343
Data write signal (mm^2): 0.004533

Tag array (mm^2): 0.212128
Tag predecode (mm^2): 0.006092
Tag colmux predecode (mm^2): 0.006092
Tag colmux post decode (mm^2): 0.000687
Tag output driver decode (mm^2): 0.008186
Tag output driver enable signals (mm^2): 0.004533

Percentage of data ramcells alone of total area: 21.735303 %
Percentage of tag ramcells alone of total area: 5.773440 %
Percentage of total control/routing alone of total area: 72.491257 %

Subbank Efficiency : 2750.874291
Total Efficiency : 20.226602

Total area One bank (mm^2): 0.982327
Total area subbanked (mm^2): 5.343968

Time Components:
 data side (with Output driver) (ns): 2.01721
 tag side (with Output driver) (ns): 2.3222
 address routing delay (ns): 0.0512441
 decode_data (ns): 0.413034
     dyn. energy (nJ): 0.00369072
     leak. power (mW): 0
 wordline and bitline data (ns): 0.840318
  dyn. wordline energy (nJ): 0.00269758
  leak. wordline power (mW): 0
  dyn. read data bitline energy (nJ): 0.0418285
  dyn. write data bitline energy (nJ): 0.0104645
  leak. data bitline power (mW): 0
 sense_amp_data (ns): 0.332
     dyn. energy (nJ): 0.00899515
     leak. power (mW): 0
 decode_tag (ns): 0.547555
     dyn. energy (nJ): 0.0084889
     leak. power (mW): 0
 wordline and bitline tag (ns): 0.528906
  dyn. wordline energy (nJ): 0.000880614
  leak. wordline power (mW): 0
  dyn. read data bitline energy (nJ): 0.00505248
  dyn. write data bitline energy (nJ): 0.00589709
  leak. data bitline power (mW): 0
 sense_amp_tag (ns): 0.204
  dyn. read energy (nJ): 0.00202459
  leak. read power (mW): 0
 compare (ns): 0.509852
  dyn. read energy (nJ): 0.00861018
  leak. read power (mW): 0
 mux driver (ns): 0.325044
  dyn. read energy (nJ): 0.0184461
  leak. read power (mW): 0
 sel inverter (ns): 0.100033
  dyn. read energy (nJ): 4.12738e-05
  leak. read power (mW): 0
 data output driver (ns): 0.280632
	   dyn. read energy (nJ): 0.0414811
	   leak. read power (mW): 0
 total_out_driver (ns): 0.0999816
	 dyn. read energy (nJ): 0.165141
	 leak. read power (mW): 0
 total data path (without output driver) (ns): 1.6366
 total tag path is set assoc (ns): 2.26663
